<!DOCTYPE html PUBLIC "-//W3C//DTD XHTML 1.1//EN" "http://www.w3.org/TR/xhtml11/DTD/xhtml11.dtd">
<html xmlns="http://www.w3.org/1999/xhtml"><head><title>TestNG Report</title><style type="text/css">table {margin-bottom:10px;border-collapse:collapse;empty-cells:show}th,td {border:1px solid #009;padding:.25em .5em}th {vertical-align:bottom}td {vertical-align:top}table a {font-weight:bold}.stripe td {background-color: #E6EBF9}.num {text-align:right}.passedodd td {background-color: #3F3}.passedeven td {background-color: #0A0}.skippedodd td {background-color: #DDD}.skippedeven td {background-color: #CCC}.failedodd td,.attn {background-color: #F33}.failedeven td,.stripe .attn {background-color: #D00}.stacktrace {white-space:pre;font-family:monospace}.totop {font-size:85%;text-align:center;border-bottom:2px solid #000}</style></head><body><table><tr><th>Test</th><th># Passed</th><th># Skipped</th><th># Failed</th><th>Time (ms)</th><th>Included Groups</th><th>Excluded Groups</th></tr><tr><th colspan="7">Default suite</th></tr><tr><td><a href="#t0">Default test</a></td><td class="num">14</td><td class="num attn">4</td><td class="num attn">1</td><td class="num">3,766</td><td></td><td></td></tr></table><table><thead><tr><th>Class</th><th>Method</th><th>Start</th><th>Time (ms)</th></tr></thead><tbody><tr><th colspan="4">Default suite</th></tr></tbody><tbody id="t0"><tr><th colspan="4">Default test &#8212; failed (configuration methods)</th></tr><tr class="failedeven"><td rowspan="1">facebookLoginTest.FbRadiobuttonTest</td><td><a href="#m0">beforetest</a></td><td rowspan="1">1555260649294</td><td rowspan="1">0</td></tr><tr><th colspan="4">Default test &#8212; failed</th></tr><tr class="failedeven"><td rowspan="1">prec.PracticeAssert</td><td><a href="#m1">trycatch</a></td><td rowspan="1">1555260652892</td><td rowspan="1">1</td></tr><tr><th colspan="4">Default test &#8212; skipped (configuration methods)</th></tr><tr class="skippedeven"><td rowspan="2">facebookLoginTest.FbEmailPass</td><td><a href="#m2">afterEachTest</a></td><td rowspan="1">1555260653040</td><td rowspan="1">0</td></tr><tr class="skippedeven"><td><a href="#m3">beforetest</a></td><td rowspan="1">1555260653027</td><td rowspan="1">0</td></tr><tr class="skippedodd"><td rowspan="1">facebookLoginTest.FbRadiobuttonTest</td><td><a href="#m4">afterEachTest</a></td><td rowspan="1">1555260652853</td><td rowspan="1">0</td></tr><tr class="skippedeven"><td rowspan="2">facebookLoginTest.Login</td><td><a href="#m5">afterEachTest</a></td><td rowspan="1">1555260652874</td><td rowspan="1">0</td></tr><tr class="skippedeven"><td><a href="#m6">beforetest</a></td><td rowspan="1">1555260652873</td><td rowspan="1">0</td></tr><tr><th colspan="4">Default test &#8212; skipped</th></tr><tr class="skippedeven"><td rowspan="1">facebookLoginTest.FbEmailPass</td><td><a href="#m7">testFacebookEmailPass</a></td><td rowspan="1">1555260653027</td><td rowspan="1">1</td></tr><tr class="skippedodd"><td rowspan="1">facebookLoginTest.FbRadiobuttonTest</td><td><a href="#m8">testRadio</a></td><td rowspan="1">1555260652851</td><td rowspan="1">1</td></tr><tr class="skippedeven"><td rowspan="1">facebookLoginTest.Login</td><td><a href="#m9">testFacebookSignup</a></td><td rowspan="1">1555260652873</td><td rowspan="1">0</td></tr><tr class="skippedodd"><td rowspan="1">prec.PriorityPrec</td><td><a href="#m10">skip</a></td><td rowspan="1">1555260653024</td><td rowspan="1">2</td></tr><tr><th colspan="4">Default test &#8212; passed</th></tr><tr class="passedeven"><td rowspan="2">prec.AnnotationsPrec</td><td><a href="#m11">my2Test</a></td><td rowspan="1">1555260652887</td><td rowspan="1">0</td></tr><tr class="passedeven"><td><a href="#m12">myTest</a></td><td rowspan="1">1555260652889</td><td rowspan="1">1</td></tr><tr class="passedodd"><td rowspan="3">prec.DependsOn</td><td><a href="#m13">LogOut</a></td><td rowspan="1">1555260653012</td><td rowspan="1">1</td></tr><tr class="passedodd"><td><a href="#m14">SignIn</a></td><td rowspan="1">1555260653008</td><td rowspan="1">2</td></tr><tr class="passedodd"><td><a href="#m15">openBrowser</a></td><td rowspan="1">1555260652894</td><td rowspan="1">1</td></tr><tr class="passedeven"><td rowspan="4">prec.Grouping</td><td><a href="#m16">Consulting2</a></td><td rowspan="1">1555260652861</td><td rowspan="1">3</td></tr><tr class="passedeven"><td><a href="#m17">talentTEK1</a></td><td rowspan="1">1555260652865</td><td rowspan="1">1</td></tr><tr class="passedeven"><td><a href="#m18">talentTEK2</a></td><td rowspan="1">1555260652868</td><td rowspan="1">2</td></tr><tr class="passedeven"><td><a href="#m19">talentTEK_Consulting</a></td><td rowspan="1">1555260652871</td><td rowspan="1">1</td></tr><tr class="passedodd"><td rowspan="1">prec.Prectrycatch</td><td><a href="#m20">trycatch</a></td><td rowspan="1">1555260652881</td><td rowspan="1">4</td></tr><tr class="passedeven"><td rowspan="4">prec.PriorityPrec</td><td><a href="#m21">ChangePass</a></td><td rowspan="1">1555260653014</td><td rowspan="1">5</td></tr><tr class="passedeven"><td><a href="#m22">LogoutTest</a></td><td rowspan="1">1555260653020</td><td rowspan="1">2</td></tr><tr class="passedeven"><td><a href="#m23">dontRuntest</a></td><td rowspan="1">1555260652878</td><td rowspan="1">0</td></tr><tr class="passedeven"><td><a href="#m24">loginTest</a></td><td rowspan="1">1555260652879</td><td rowspan="1">1</td></tr></tbody></table><h2>Default test</h2><h3 id="m0">facebookLoginTest.FbRadiobuttonTest#beforetest</h3><table class="result"><tr><th>Exception</th></tr><tr><td><div class="stacktrace">org.openqa.selenium.SessionNotCreatedException: session not created: This version of ChromeDriver only supports Chrome version 74
  (Driver info: chromedriver=74.0.3729.6 (255758eccf3d244491b8a1317aa76e1ce10d57e9-refs/branch-heads/3729@{#29}),platform=Windows NT 10.0.17134 x86_64) (WARNING: The server did not provide any stacktrace information)
Command duration or timeout: 1.86 seconds
Build info: version: &apos;3.141.59&apos;, revision: &apos;e82be7d358&apos;, time: &apos;2018-11-14T08:25:48&apos;
System info: host: &apos;DESKTOP-NTBE7P3&apos;, ip: &apos;192.168.1.5&apos;, os.name: &apos;Windows 10&apos;, os.arch: &apos;amd64&apos;, os.version: &apos;10.0&apos;, java.version: &apos;1.8.0_181&apos;
Driver info: driver.version: ChromeDriver
	at sun.reflect.NativeConstructorAccessorImpl.newInstance0(Native Method)
	at sun.reflect.NativeConstructorAccessorImpl.newInstance(Unknown Source)
	at sun.reflect.DelegatingConstructorAccessorImpl.newInstance(Unknown Source)
	at java.lang.reflect.Constructor.newInstance(Unknown Source)
	at org.openqa.selenium.remote.ErrorHandler.createThrowable(ErrorHandler.java:214)
	at org.openqa.selenium.remote.ErrorHandler.throwIfResponseFailed(ErrorHandler.java:166)
	at org.openqa.selenium.remote.JsonWireProtocolResponse.lambda$errorHandler$0(JsonWireProtocolResponse.java:54)
	at org.openqa.selenium.remote.HandshakeResponse.lambda$getResponseFunction$0(HandshakeResponse.java:30)
	at org.openqa.selenium.remote.ProtocolHandshake.lambda$createSession$0(ProtocolHandshake.java:126)
	at java.util.stream.ReferencePipeline$3$1.accept(Unknown Source)
	at java.util.Spliterators$ArraySpliterator.tryAdvance(Unknown Source)
	at java.util.stream.ReferencePipeline.forEachWithCancel(Unknown Source)
	at java.util.stream.AbstractPipeline.copyIntoWithCancel(Unknown Source)
	at java.util.stream.AbstractPipeline.copyInto(Unknown Source)
	at java.util.stream.AbstractPipeline.wrapAndCopyInto(Unknown Source)
	at java.util.stream.FindOps$FindOp.evaluateSequential(Unknown Source)
	at java.util.stream.AbstractPipeline.evaluate(Unknown Source)
	at java.util.stream.ReferencePipeline.findFirst(Unknown Source)
	at org.openqa.selenium.remote.ProtocolHandshake.createSession(ProtocolHandshake.java:128)
	at org.openqa.selenium.remote.ProtocolHandshake.createSession(ProtocolHandshake.java:74)
	at org.openqa.selenium.remote.HttpCommandExecutor.execute(HttpCommandExecutor.java:136)
	at org.openqa.selenium.remote.service.DriverCommandExecutor.execute(DriverCommandExecutor.java:83)
	at org.openqa.selenium.remote.RemoteWebDriver.execute(RemoteWebDriver.java:552)
	at org.openqa.selenium.remote.RemoteWebDriver.startSession(RemoteWebDriver.java:213)
	at org.openqa.selenium.remote.RemoteWebDriver.&lt;init&gt;(RemoteWebDriver.java:131)
	at org.openqa.selenium.chrome.ChromeDriver.&lt;init&gt;(ChromeDriver.java:181)
	at org.openqa.selenium.chrome.ChromeDriver.&lt;init&gt;(ChromeDriver.java:168)
	at org.openqa.selenium.chrome.ChromeDriver.&lt;init&gt;(ChromeDriver.java:123)
	at base.Config.beforetest(Config.java:16)
	at sun.reflect.NativeMethodAccessorImpl.invoke0(Native Method)
	at sun.reflect.NativeMethodAccessorImpl.invoke(Unknown Source)
	at sun.reflect.DelegatingMethodAccessorImpl.invoke(Unknown Source)
	at java.lang.reflect.Method.invoke(Unknown Source)
	at org.testng.internal.MethodInvocationHelper.invokeMethod(MethodInvocationHelper.java:86)
	at org.testng.internal.Invoker.invokeConfigurationMethod(Invoker.java:514)
	at org.testng.internal.Invoker.invokeConfigurations(Invoker.java:215)
	at org.testng.internal.Invoker.invokeMethod(Invoker.java:589)
	at org.testng.internal.Invoker.invokeTestMethod(Invoker.java:822)
	at org.testng.internal.Invoker.invokeTestMethods(Invoker.java:1130)
	at org.testng.internal.TestMethodWorker.invokeTestMethods(TestMethodWorker.java:129)
	at org.testng.internal.TestMethodWorker.run(TestMethodWorker.java:112)
	at org.testng.TestRunner.privateRun(TestRunner.java:782)
	at org.testng.TestRunner.run(TestRunner.java:632)
	at org.testng.SuiteRunner.runTest(SuiteRunner.java:366)
	at org.testng.SuiteRunner.runSequentially(SuiteRunner.java:361)
	at org.testng.SuiteRunner.privateRun(SuiteRunner.java:319)
	at org.testng.SuiteRunner.run(SuiteRunner.java:268)
	at org.testng.SuiteRunnerWorker.runSuite(SuiteRunnerWorker.java:52)
	at org.testng.SuiteRunnerWorker.run(SuiteRunnerWorker.java:86)
	at org.testng.TestNG.runSuitesSequentially(TestNG.java:1244)
	at org.testng.TestNG.runSuitesLocally(TestNG.java:1169)
	at org.testng.TestNG.run(TestNG.java:1064)
	at org.testng.remote.RemoteTestNG.run(RemoteTestNG.java:113)
	at org.testng.remote.RemoteTestNG.initAndRun(RemoteTestNG.java:206)
	at org.testng.remote.RemoteTestNG.main(RemoteTestNG.java:177)
</div></td></tr></table><p class="totop"><a href="#summary">back to summary</a></p><h3 id="m1">prec.PracticeAssert#trycatch</h3><table class="result"><tr><th>Exception</th></tr><tr><td><div class="stacktrace">java.lang.AssertionError: expected [google] but found [google1]
	at org.testng.Assert.fail(Assert.java:94)
	at org.testng.Assert.failNotEquals(Assert.java:513)
	at org.testng.Assert.assertEqualsImpl(Assert.java:135)
	at org.testng.Assert.assertEquals(Assert.java:116)
	at org.testng.Assert.assertEquals(Assert.java:190)
	at org.testng.Assert.assertEquals(Assert.java:200)
	at prec.PracticeAssert.trycatch(PracticeAssert.java:11)
	at sun.reflect.NativeMethodAccessorImpl.invoke0(Native Method)
	at sun.reflect.NativeMethodAccessorImpl.invoke(Unknown Source)
	at sun.reflect.DelegatingMethodAccessorImpl.invoke(Unknown Source)
	at java.lang.reflect.Method.invoke(Unknown Source)
	at org.testng.internal.MethodInvocationHelper.invokeMethod(MethodInvocationHelper.java:86)
	at org.testng.internal.Invoker.invokeMethod(Invoker.java:645)
	at org.testng.internal.Invoker.invokeTestMethod(Invoker.java:822)
	at org.testng.internal.Invoker.invokeTestMethods(Invoker.java:1130)
	at org.testng.internal.TestMethodWorker.invokeTestMethods(TestMethodWorker.java:129)
	at org.testng.internal.TestMethodWorker.run(TestMethodWorker.java:112)
	at org.testng.TestRunner.privateRun(TestRunner.java:782)
	at org.testng.TestRunner.run(TestRunner.java:632)
	at org.testng.SuiteRunner.runTest(SuiteRunner.java:366)
	at org.testng.SuiteRunner.runSequentially(SuiteRunner.java:361)
	at org.testng.SuiteRunner.privateRun(SuiteRunner.java:319)
	at org.testng.SuiteRunner.run(SuiteRunner.java:268)
	at org.testng.SuiteRunnerWorker.runSuite(SuiteRunnerWorker.java:52)
	at org.testng.SuiteRunnerWorker.run(SuiteRunnerWorker.java:86)
	at org.testng.TestNG.runSuitesSequentially(TestNG.java:1244)
	at org.testng.TestNG.runSuitesLocally(TestNG.java:1169)
	at org.testng.TestNG.run(TestNG.java:1064)
	at org.testng.remote.RemoteTestNG.run(RemoteTestNG.java:113)
	at org.testng.remote.RemoteTestNG.initAndRun(RemoteTestNG.java:206)
	at org.testng.remote.RemoteTestNG.main(RemoteTestNG.java:177)
</div></td></tr></table><p class="totop"><a href="#summary">back to summary</a></p><h3 id="m2">facebookLoginTest.FbEmailPass#afterEachTest</h3><table class="result"></table><p class="totop"><a href="#summary">back to summary</a></p><h3 id="m3">facebookLoginTest.FbEmailPass#beforetest</h3><table class="result"></table><p class="totop"><a href="#summary">back to summary</a></p><h3 id="m4">facebookLoginTest.FbRadiobuttonTest#afterEachTest</h3><table class="result"></table><p class="totop"><a href="#summary">back to summary</a></p><h3 id="m5">facebookLoginTest.Login#afterEachTest</h3><table class="result"></table><p class="totop"><a href="#summary">back to summary</a></p><h3 id="m6">facebookLoginTest.Login#beforetest</h3><table class="result"></table><p class="totop"><a href="#summary">back to summary</a></p><h3 id="m7">facebookLoginTest.FbEmailPass#testFacebookEmailPass</h3><table class="result"></table><p class="totop"><a href="#summary">back to summary</a></p><h3 id="m8">facebookLoginTest.FbRadiobuttonTest#testRadio</h3><table class="result"></table><p class="totop"><a href="#summary">back to summary</a></p><h3 id="m9">facebookLoginTest.Login#testFacebookSignup</h3><table class="result"></table><p class="totop"><a href="#summary">back to summary</a></p><h3 id="m10">prec.PriorityPrec#skip</h3><table class="result"><tr><th>Exception</th></tr><tr><td><div class="stacktrace">org.testng.SkipException: requirement changed thats why skipping
	at prec.PriorityPrec.skip(PriorityPrec.java:23)
	at sun.reflect.NativeMethodAccessorImpl.invoke0(Native Method)
	at sun.reflect.NativeMethodAccessorImpl.invoke(Unknown Source)
	at sun.reflect.DelegatingMethodAccessorImpl.invoke(Unknown Source)
	at java.lang.reflect.Method.invoke(Unknown Source)
	at org.testng.internal.MethodInvocationHelper.invokeMethod(MethodInvocationHelper.java:86)
	at org.testng.internal.Invoker.invokeMethod(Invoker.java:645)
	at org.testng.internal.Invoker.invokeTestMethod(Invoker.java:822)
	at org.testng.internal.Invoker.invokeTestMethods(Invoker.java:1130)
	at org.testng.internal.TestMethodWorker.invokeTestMethods(TestMethodWorker.java:129)
	at org.testng.internal.TestMethodWorker.run(TestMethodWorker.java:112)
	at org.testng.TestRunner.privateRun(TestRunner.java:782)
	at org.testng.TestRunner.run(TestRunner.java:632)
	at org.testng.SuiteRunner.runTest(SuiteRunner.java:366)
	at org.testng.SuiteRunner.runSequentially(SuiteRunner.java:361)
	at org.testng.SuiteRunner.privateRun(SuiteRunner.java:319)
	at org.testng.SuiteRunner.run(SuiteRunner.java:268)
	at org.testng.SuiteRunnerWorker.runSuite(SuiteRunnerWorker.java:52)
	at org.testng.SuiteRunnerWorker.run(SuiteRunnerWorker.java:86)
	at org.testng.TestNG.runSuitesSequentially(TestNG.java:1244)
	at org.testng.TestNG.runSuitesLocally(TestNG.java:1169)
	at org.testng.TestNG.run(TestNG.java:1064)
	at org.testng.remote.RemoteTestNG.run(RemoteTestNG.java:113)
	at org.testng.remote.RemoteTestNG.initAndRun(RemoteTestNG.java:206)
	at org.testng.remote.RemoteTestNG.main(RemoteTestNG.java:177)
</div></td></tr></table><p class="totop"><a href="#summary">back to summary</a></p><h3 id="m11">prec.AnnotationsPrec#my2Test</h3><table class="result"></table><p class="totop"><a href="#summary">back to summary</a></p><h3 id="m12">prec.AnnotationsPrec#myTest</h3><table class="result"></table><p class="totop"><a href="#summary">back to summary</a></p><h3 id="m13">prec.DependsOn#LogOut</h3><table class="result"></table><p class="totop"><a href="#summary">back to summary</a></p><h3 id="m14">prec.DependsOn#SignIn</h3><table class="result"></table><p class="totop"><a href="#summary">back to summary</a></p><h3 id="m15">prec.DependsOn#openBrowser</h3><table class="result"></table><p class="totop"><a href="#summary">back to summary</a></p><h3 id="m16">prec.Grouping#Consulting2</h3><table class="result"></table><p class="totop"><a href="#summary">back to summary</a></p><h3 id="m17">prec.Grouping#talentTEK1</h3><table class="result"></table><p class="totop"><a href="#summary">back to summary</a></p><h3 id="m18">prec.Grouping#talentTEK2</h3><table class="result"></table><p class="totop"><a href="#summary">back to summary</a></p><h3 id="m19">prec.Grouping#talentTEK_Consulting</h3><table class="result"></table><p class="totop"><a href="#summary">back to summary</a></p><h3 id="m20">prec.Prectrycatch#trycatch</h3><table class="result"></table><p class="totop"><a href="#summary">back to summary</a></p><h3 id="m21">prec.PriorityPrec#ChangePass</h3><table class="result"></table><p class="totop"><a href="#summary">back to summary</a></p><h3 id="m22">prec.PriorityPrec#LogoutTest</h3><table class="result"></table><p class="totop"><a href="#summary">back to summary</a></p><h3 id="m23">prec.PriorityPrec#dontRuntest</h3><table class="result"></table><p class="totop"><a href="#summary">back to summary</a></p><h3 id="m24">prec.PriorityPrec#loginTest</h3><table class="result"></table><p class="totop"><a href="#summary">back to summary</a></p></body></html>