<?xml version="1.0" encoding="UTF-8"?>
<testng-results skipped="4" failed="1" total="19" passed="14">
  <reporter-output>
  </reporter-output>
  <suite name="Default suite" duration-ms="3766" started-at="2019-04-14T16:50:49Z" finished-at="2019-04-14T16:50:53Z">
    <groups>
      <group name="regression">
        <method signature="Grouping.Consulting2()[pri:0, instance:prec.Grouping@34340fab]" name="Consulting2" class="prec.Grouping"/>
        <method signature="Grouping.talentTEK_Consulting()[pri:0, instance:prec.Grouping@34340fab]" name="talentTEK_Consulting" class="prec.Grouping"/>
      </group> <!-- regression -->
      <group name="smoke">
        <method signature="AnnotationsPrec.myTest()[pri:0, instance:prec.AnnotationsPrec@17d99928]" name="myTest" class="prec.AnnotationsPrec"/>
        <method signature="Grouping.talentTEK1()[pri:0, instance:prec.Grouping@34340fab]" name="talentTEK1" class="prec.Grouping"/>
        <method signature="Grouping.talentTEK_Consulting()[pri:0, instance:prec.Grouping@34340fab]" name="talentTEK_Consulting" class="prec.Grouping"/>
      </group> <!-- smoke -->
      <group name="sanity">
        <method signature="Grouping.talentTEK2()[pri:0, instance:prec.Grouping@34340fab]" name="talentTEK2" class="prec.Grouping"/>
        <method signature="Grouping.talentTEK_Consulting()[pri:0, instance:prec.Grouping@34340fab]" name="talentTEK_Consulting" class="prec.Grouping"/>
      </group> <!-- sanity -->
    </groups>
    <test name="Default test" duration-ms="3766" started-at="2019-04-14T16:50:49Z" finished-at="2019-04-14T16:50:53Z">
      <class name="facebookLoginTest.FbEmailPass">
        <test-method status="SKIP" signature="testFacebookEmailPass()[pri:0, instance:facebookLoginTest.FbEmailPass@6fffcba5]" name="testFacebookEmailPass" duration-ms="1" started-at="2019-04-14T09:50:53Z" finished-at="2019-04-14T09:50:53Z">
          <reporter-output>
          </reporter-output>
        </test-method> <!-- testFacebookEmailPass -->
        <test-method status="SKIP" signature="beforetest()[pri:0, instance:facebookLoginTest.FbEmailPass@6fffcba5]" name="beforetest" is-config="true" duration-ms="0" started-at="2019-04-14T09:50:53Z" finished-at="2019-04-14T09:50:53Z">
          <reporter-output>
          </reporter-output>
        </test-method> <!-- beforetest -->
        <test-method status="SKIP" signature="afterEachTest()[pri:0, instance:facebookLoginTest.FbEmailPass@6fffcba5]" name="afterEachTest" is-config="true" duration-ms="0" started-at="2019-04-14T09:50:53Z" finished-at="2019-04-14T09:50:53Z">
          <reporter-output>
          </reporter-output>
        </test-method> <!-- afterEachTest -->
      </class> <!-- facebookLoginTest.FbEmailPass -->
      <class name="prec.PriorityPrec">
        <test-method status="PASS" signature="dontRuntest()[pri:0, instance:prec.PriorityPrec@1ae369b7]" name="dontRuntest" duration-ms="0" started-at="2019-04-14T09:50:52Z" finished-at="2019-04-14T09:50:52Z">
          <reporter-output>
          </reporter-output>
        </test-method> <!-- dontRuntest -->
        <test-method status="PASS" signature="loginTest()[pri:0, instance:prec.PriorityPrec@1ae369b7]" name="loginTest" duration-ms="1" started-at="2019-04-14T09:50:52Z" finished-at="2019-04-14T09:50:52Z">
          <reporter-output>
          </reporter-output>
        </test-method> <!-- loginTest -->
        <test-method status="PASS" signature="ChangePass()[pri:2, instance:prec.PriorityPrec@1ae369b7]" name="ChangePass" duration-ms="5" started-at="2019-04-14T09:50:53Z" finished-at="2019-04-14T09:50:53Z">
          <reporter-output>
          </reporter-output>
        </test-method> <!-- ChangePass -->
        <test-method status="PASS" signature="LogoutTest()[pri:3, instance:prec.PriorityPrec@1ae369b7]" name="LogoutTest" duration-ms="2" started-at="2019-04-14T09:50:53Z" finished-at="2019-04-14T09:50:53Z">
          <reporter-output>
          </reporter-output>
        </test-method> <!-- LogoutTest -->
        <test-method status="SKIP" signature="skip()[pri:4, instance:prec.PriorityPrec@1ae369b7]" name="skip" duration-ms="2" started-at="2019-04-14T09:50:53Z" finished-at="2019-04-14T09:50:53Z">
          <exception class="org.testng.SkipException">
            <message>
              <![CDATA[requirement changed thats why skipping]]>
            </message>
            <full-stacktrace>
              <![CDATA[org.testng.SkipException: requirement changed thats why skipping
	at prec.PriorityPrec.skip(PriorityPrec.java:23)
	at sun.reflect.NativeMethodAccessorImpl.invoke0(Native Method)
	at sun.reflect.NativeMethodAccessorImpl.invoke(Unknown Source)
	at sun.reflect.DelegatingMethodAccessorImpl.invoke(Unknown Source)
	at java.lang.reflect.Method.invoke(Unknown Source)
	at org.testng.internal.MethodInvocationHelper.invokeMethod(MethodInvocationHelper.java:86)
	at org.testng.internal.Invoker.invokeMethod(Invoker.java:645)
	at org.testng.internal.Invoker.invokeTestMethod(Invoker.java:822)
	at org.testng.internal.Invoker.invokeTestMethods(Invoker.java:1130)
	at org.testng.internal.TestMethodWorker.invokeTestMethods(TestMethodWorker.java:129)
	at org.testng.internal.TestMethodWorker.run(TestMethodWorker.java:112)
	at org.testng.TestRunner.privateRun(TestRunner.java:782)
	at org.testng.TestRunner.run(TestRunner.java:632)
	at org.testng.SuiteRunner.runTest(SuiteRunner.java:366)
	at org.testng.SuiteRunner.runSequentially(SuiteRunner.java:361)
	at org.testng.SuiteRunner.privateRun(SuiteRunner.java:319)
	at org.testng.SuiteRunner.run(SuiteRunner.java:268)
	at org.testng.SuiteRunnerWorker.runSuite(SuiteRunnerWorker.java:52)
	at org.testng.SuiteRunnerWorker.run(SuiteRunnerWorker.java:86)
	at org.testng.TestNG.runSuitesSequentially(TestNG.java:1244)
	at org.testng.TestNG.runSuitesLocally(TestNG.java:1169)
	at org.testng.TestNG.run(TestNG.java:1064)
	at org.testng.remote.RemoteTestNG.run(RemoteTestNG.java:113)
	at org.testng.remote.RemoteTestNG.initAndRun(RemoteTestNG.java:206)
	at org.testng.remote.RemoteTestNG.main(RemoteTestNG.java:177)
]]>
            </full-stacktrace>
          </exception> <!-- org.testng.SkipException -->
          <reporter-output>
          </reporter-output>
        </test-method> <!-- skip -->
      </class> <!-- prec.PriorityPrec -->
      <class name="prec.Prectrycatch">
        <test-method status="PASS" signature="trycatch()[pri:0, instance:prec.Prectrycatch@2aafb23c]" name="trycatch" duration-ms="4" started-at="2019-04-14T09:50:52Z" finished-at="2019-04-14T09:50:52Z">
          <reporter-output>
          </reporter-output>
        </test-method> <!-- trycatch -->
      </class> <!-- prec.Prectrycatch -->
      <class name="prec.PracticeAssert">
        <test-method status="FAIL" signature="trycatch()[pri:0, instance:prec.PracticeAssert@2b80d80f]" name="trycatch" duration-ms="1" started-at="2019-04-14T09:50:52Z" finished-at="2019-04-14T09:50:52Z">
          <exception class="java.lang.AssertionError">
            <message>
              <![CDATA[expected [google] but found [google1]]]>
            </message>
            <full-stacktrace>
              <![CDATA[java.lang.AssertionError: expected [google] but found [google1]
	at org.testng.Assert.fail(Assert.java:94)
	at org.testng.Assert.failNotEquals(Assert.java:513)
	at org.testng.Assert.assertEqualsImpl(Assert.java:135)
	at org.testng.Assert.assertEquals(Assert.java:116)
	at org.testng.Assert.assertEquals(Assert.java:190)
	at org.testng.Assert.assertEquals(Assert.java:200)
	at prec.PracticeAssert.trycatch(PracticeAssert.java:11)
	at sun.reflect.NativeMethodAccessorImpl.invoke0(Native Method)
	at sun.reflect.NativeMethodAccessorImpl.invoke(Unknown Source)
	at sun.reflect.DelegatingMethodAccessorImpl.invoke(Unknown Source)
	at java.lang.reflect.Method.invoke(Unknown Source)
	at org.testng.internal.MethodInvocationHelper.invokeMethod(MethodInvocationHelper.java:86)
	at org.testng.internal.Invoker.invokeMethod(Invoker.java:645)
	at org.testng.internal.Invoker.invokeTestMethod(Invoker.java:822)
	at org.testng.internal.Invoker.invokeTestMethods(Invoker.java:1130)
	at org.testng.internal.TestMethodWorker.invokeTestMethods(TestMethodWorker.java:129)
	at org.testng.internal.TestMethodWorker.run(TestMethodWorker.java:112)
	at org.testng.TestRunner.privateRun(TestRunner.java:782)
	at org.testng.TestRunner.run(TestRunner.java:632)
	at org.testng.SuiteRunner.runTest(SuiteRunner.java:366)
	at org.testng.SuiteRunner.runSequentially(SuiteRunner.java:361)
	at org.testng.SuiteRunner.privateRun(SuiteRunner.java:319)
	at org.testng.SuiteRunner.run(SuiteRunner.java:268)
	at org.testng.SuiteRunnerWorker.runSuite(SuiteRunnerWorker.java:52)
	at org.testng.SuiteRunnerWorker.run(SuiteRunnerWorker.java:86)
	at org.testng.TestNG.runSuitesSequentially(TestNG.java:1244)
	at org.testng.TestNG.runSuitesLocally(TestNG.java:1169)
	at org.testng.TestNG.run(TestNG.java:1064)
	at org.testng.remote.RemoteTestNG.run(RemoteTestNG.java:113)
	at org.testng.remote.RemoteTestNG.initAndRun(RemoteTestNG.java:206)
	at org.testng.remote.RemoteTestNG.main(RemoteTestNG.java:177)
]]>
            </full-stacktrace>
          </exception> <!-- java.lang.AssertionError -->
          <reporter-output>
          </reporter-output>
        </test-method> <!-- trycatch -->
      </class> <!-- prec.PracticeAssert -->
      <class name="facebookLoginTest.Login">
        <test-method status="SKIP" signature="testFacebookSignup()[pri:0, instance:facebookLoginTest.Login@2eee9593]" name="testFacebookSignup" duration-ms="0" started-at="2019-04-14T09:50:52Z" finished-at="2019-04-14T09:50:52Z">
          <reporter-output>
          </reporter-output>
        </test-method> <!-- testFacebookSignup -->
        <test-method status="SKIP" signature="beforetest()[pri:0, instance:facebookLoginTest.Login@2eee9593]" name="beforetest" is-config="true" duration-ms="0" started-at="2019-04-14T09:50:52Z" finished-at="2019-04-14T09:50:52Z">
          <reporter-output>
          </reporter-output>
        </test-method> <!-- beforetest -->
        <test-method status="SKIP" signature="afterEachTest()[pri:0, instance:facebookLoginTest.Login@2eee9593]" name="afterEachTest" is-config="true" duration-ms="0" started-at="2019-04-14T09:50:52Z" finished-at="2019-04-14T09:50:52Z">
          <reporter-output>
          </reporter-output>
        </test-method> <!-- afterEachTest -->
      </class> <!-- facebookLoginTest.Login -->
      <class name="facebookLoginTest.FbRadiobuttonTest">
        <test-method status="FAIL" signature="beforetest()[pri:0, instance:facebookLoginTest.FbRadiobuttonTest@3834d63f]" name="beforetest" is-config="true" duration-ms="0" started-at="2019-04-14T09:50:49Z" finished-at="2019-04-14T09:50:49Z">
          <exception class="org.openqa.selenium.SessionNotCreatedException">
            <message>
              <![CDATA[session not created: This version of ChromeDriver only supports Chrome version 74
  (Driver info: chromedriver=74.0.3729.6 (255758eccf3d244491b8a1317aa76e1ce10d57e9-refs/branch-heads/3729@{#29}),platform=Windows NT 10.0.17134 x86_64) (WARNING: The server did not provide any stacktrace information)
Command duration or timeout: 1.86 seconds
Build info: version: '3.141.59', revision: 'e82be7d358', time: '2018-11-14T08:25:48'
System info: host: 'DESKTOP-NTBE7P3', ip: '192.168.1.5', os.name: 'Windows 10', os.arch: 'amd64', os.version: '10.0', java.version: '1.8.0_181'
Driver info: driver.version: ChromeDriver]]>
            </message>
            <full-stacktrace>
              <![CDATA[org.openqa.selenium.SessionNotCreatedException: session not created: This version of ChromeDriver only supports Chrome version 74
  (Driver info: chromedriver=74.0.3729.6 (255758eccf3d244491b8a1317aa76e1ce10d57e9-refs/branch-heads/3729@{#29}),platform=Windows NT 10.0.17134 x86_64) (WARNING: The server did not provide any stacktrace information)
Command duration or timeout: 1.86 seconds
Build info: version: '3.141.59', revision: 'e82be7d358', time: '2018-11-14T08:25:48'
System info: host: 'DESKTOP-NTBE7P3', ip: '192.168.1.5', os.name: 'Windows 10', os.arch: 'amd64', os.version: '10.0', java.version: '1.8.0_181'
Driver info: driver.version: ChromeDriver
	at sun.reflect.NativeConstructorAccessorImpl.newInstance0(Native Method)
	at sun.reflect.NativeConstructorAccessorImpl.newInstance(Unknown Source)
	at sun.reflect.DelegatingConstructorAccessorImpl.newInstance(Unknown Source)
	at java.lang.reflect.Constructor.newInstance(Unknown Source)
	at org.openqa.selenium.remote.ErrorHandler.createThrowable(ErrorHandler.java:214)
	at org.openqa.selenium.remote.ErrorHandler.throwIfResponseFailed(ErrorHandler.java:166)
	at org.openqa.selenium.remote.JsonWireProtocolResponse.lambda$errorHandler$0(JsonWireProtocolResponse.java:54)
	at org.openqa.selenium.remote.HandshakeResponse.lambda$getResponseFunction$0(HandshakeResponse.java:30)
	at org.openqa.selenium.remote.ProtocolHandshake.lambda$createSession$0(ProtocolHandshake.java:126)
	at java.util.stream.ReferencePipeline$3$1.accept(Unknown Source)
	at java.util.Spliterators$ArraySpliterator.tryAdvance(Unknown Source)
	at java.util.stream.ReferencePipeline.forEachWithCancel(Unknown Source)
	at java.util.stream.AbstractPipeline.copyIntoWithCancel(Unknown Source)
	at java.util.stream.AbstractPipeline.copyInto(Unknown Source)
	at java.util.stream.AbstractPipeline.wrapAndCopyInto(Unknown Source)
	at java.util.stream.FindOps$FindOp.evaluateSequential(Unknown Source)
	at java.util.stream.AbstractPipeline.evaluate(Unknown Source)
	at java.util.stream.ReferencePipeline.findFirst(Unknown Source)
	at org.openqa.selenium.remote.ProtocolHandshake.createSession(ProtocolHandshake.java:128)
	at org.openqa.selenium.remote.ProtocolHandshake.createSession(ProtocolHandshake.java:74)
	at org.openqa.selenium.remote.HttpCommandExecutor.execute(HttpCommandExecutor.java:136)
	at org.openqa.selenium.remote.service.DriverCommandExecutor.execute(DriverCommandExecutor.java:83)
	at org.openqa.selenium.remote.RemoteWebDriver.execute(RemoteWebDriver.java:552)
	at org.openqa.selenium.remote.RemoteWebDriver.startSession(RemoteWebDriver.java:213)
	at org.openqa.selenium.remote.RemoteWebDriver.<init>(RemoteWebDriver.java:131)
	at org.openqa.selenium.chrome.ChromeDriver.<init>(ChromeDriver.java:181)
	at org.openqa.selenium.chrome.ChromeDriver.<init>(ChromeDriver.java:168)
	at org.openqa.selenium.chrome.ChromeDriver.<init>(ChromeDriver.java:123)
	at base.Config.beforetest(Config.java:16)
	at sun.reflect.NativeMethodAccessorImpl.invoke0(Native Method)
	at sun.reflect.NativeMethodAccessorImpl.invoke(Unknown Source)
	at sun.reflect.DelegatingMethodAccessorImpl.invoke(Unknown Source)
	at java.lang.reflect.Method.invoke(Unknown Source)
	at org.testng.internal.MethodInvocationHelper.invokeMethod(MethodInvocationHelper.java:86)
	at org.testng.internal.Invoker.invokeConfigurationMethod(Invoker.java:514)
	at org.testng.internal.Invoker.invokeConfigurations(Invoker.java:215)
	at org.testng.internal.Invoker.invokeMethod(Invoker.java:589)
	at org.testng.internal.Invoker.invokeTestMethod(Invoker.java:822)
	at org.testng.internal.Invoker.invokeTestMethods(Invoker.java:1130)
	at org.testng.internal.TestMethodWorker.invokeTestMethods(TestMethodWorker.java:129)
	at org.testng.internal.TestMethodWorker.run(TestMethodWorker.java:112)
	at org.testng.TestRunner.privateRun(TestRunner.java:782)
	at org.testng.TestRunner.run(TestRunner.java:632)
	at org.testng.SuiteRunner.runTest(SuiteRunner.java:366)
	at org.testng.SuiteRunner.runSequentially(SuiteRunner.java:361)
	at org.testng.SuiteRunner.privateRun(SuiteRunner.java:319)
	at org.testng.SuiteRunner.run(SuiteRunner.java:268)
	at org.testng.SuiteRunnerWorker.runSuite(SuiteRunnerWorker.java:52)
	at org.testng.SuiteRunnerWorker.run(SuiteRunnerWorker.java:86)
	at org.testng.TestNG.runSuitesSequentially(TestNG.java:1244)
	at org.testng.TestNG.runSuitesLocally(TestNG.java:1169)
	at org.testng.TestNG.run(TestNG.java:1064)
	at org.testng.remote.RemoteTestNG.run(RemoteTestNG.java:113)
	at org.testng.remote.RemoteTestNG.initAndRun(RemoteTestNG.java:206)
	at org.testng.remote.RemoteTestNG.main(RemoteTestNG.java:177)
]]>
            </full-stacktrace>
          </exception> <!-- org.openqa.selenium.SessionNotCreatedException -->
          <reporter-output>
          </reporter-output>
        </test-method> <!-- beforetest -->
        <test-method status="SKIP" signature="testRadio()[pri:0, instance:facebookLoginTest.FbRadiobuttonTest@3834d63f]" name="testRadio" duration-ms="1" started-at="2019-04-14T09:50:52Z" finished-at="2019-04-14T09:50:52Z">
          <reporter-output>
          </reporter-output>
        </test-method> <!-- testRadio -->
        <test-method status="SKIP" signature="afterEachTest()[pri:0, instance:facebookLoginTest.FbRadiobuttonTest@3834d63f]" name="afterEachTest" is-config="true" duration-ms="0" started-at="2019-04-14T09:50:52Z" finished-at="2019-04-14T09:50:52Z">
          <reporter-output>
          </reporter-output>
        </test-method> <!-- afterEachTest -->
      </class> <!-- facebookLoginTest.FbRadiobuttonTest -->
      <class name="prec.Grouping">
        <test-method status="PASS" signature="Consulting2()[pri:0, instance:prec.Grouping@34340fab]" name="Consulting2" duration-ms="3" started-at="2019-04-14T09:50:52Z" finished-at="2019-04-14T09:50:52Z">
          <reporter-output>
          </reporter-output>
        </test-method> <!-- Consulting2 -->
        <test-method status="PASS" signature="talentTEK1()[pri:0, instance:prec.Grouping@34340fab]" name="talentTEK1" duration-ms="1" started-at="2019-04-14T09:50:52Z" finished-at="2019-04-14T09:50:52Z">
          <reporter-output>
          </reporter-output>
        </test-method> <!-- talentTEK1 -->
        <test-method status="PASS" signature="talentTEK2()[pri:0, instance:prec.Grouping@34340fab]" name="talentTEK2" duration-ms="2" started-at="2019-04-14T09:50:52Z" finished-at="2019-04-14T09:50:52Z">
          <reporter-output>
          </reporter-output>
        </test-method> <!-- talentTEK2 -->
        <test-method status="PASS" signature="talentTEK_Consulting()[pri:0, instance:prec.Grouping@34340fab]" name="talentTEK_Consulting" duration-ms="1" started-at="2019-04-14T09:50:52Z" finished-at="2019-04-14T09:50:52Z">
          <reporter-output>
          </reporter-output>
        </test-method> <!-- talentTEK_Consulting -->
      </class> <!-- prec.Grouping -->
      <class name="prec.DependsOn">
        <test-method status="PASS" signature="openBrowser()[pri:0, instance:prec.DependsOn@3ab39c39]" name="openBrowser" duration-ms="1" started-at="2019-04-14T09:50:52Z" finished-at="2019-04-14T09:50:52Z">
          <reporter-output>
          </reporter-output>
        </test-method> <!-- openBrowser -->
        <test-method status="PASS" signature="SignIn()[pri:0, instance:prec.DependsOn@3ab39c39]" name="SignIn" duration-ms="2" started-at="2019-04-14T09:50:53Z" depends-on-methods="prec.DependsOn.openBrowser" finished-at="2019-04-14T09:50:53Z">
          <reporter-output>
          </reporter-output>
        </test-method> <!-- SignIn -->
        <test-method status="PASS" signature="LogOut()[pri:0, instance:prec.DependsOn@3ab39c39]" name="LogOut" duration-ms="1" started-at="2019-04-14T09:50:53Z" depends-on-methods="prec.DependsOn.SignIn" finished-at="2019-04-14T09:50:53Z">
          <reporter-output>
          </reporter-output>
        </test-method> <!-- LogOut -->
      </class> <!-- prec.DependsOn -->
      <class name="prec.AnnotationsPrec">
        <test-method status="PASS" signature="b4suite()[pri:0, instance:prec.AnnotationsPrec@17d99928]" name="b4suite" is-config="true" duration-ms="18" started-at="2019-04-14T09:50:49Z" finished-at="2019-04-14T09:50:49Z">
          <reporter-output>
          </reporter-output>
        </test-method> <!-- b4suite -->
        <test-method status="PASS" signature="beforeTest()[pri:0, instance:prec.AnnotationsPrec@17d99928]" name="beforeTest" is-config="true" duration-ms="0" started-at="2019-04-14T09:50:49Z" finished-at="2019-04-14T09:50:49Z">
          <reporter-output>
          </reporter-output>
        </test-method> <!-- beforeTest -->
        <test-method status="PASS" signature="beforeMethod()[pri:0, instance:prec.AnnotationsPrec@17d99928]" name="beforeMethod" is-config="true" duration-ms="1" started-at="2019-04-14T09:50:52Z" finished-at="2019-04-14T09:50:52Z">
          <reporter-output>
          </reporter-output>
        </test-method> <!-- beforeMethod -->
        <test-method status="PASS" signature="my2Test()[pri:0, instance:prec.AnnotationsPrec@17d99928]" name="my2Test" duration-ms="0" started-at="2019-04-14T09:50:52Z" finished-at="2019-04-14T09:50:52Z">
          <reporter-output>
          </reporter-output>
        </test-method> <!-- my2Test -->
        <test-method status="PASS" signature="beforeMethod()[pri:0, instance:prec.AnnotationsPrec@17d99928]" name="beforeMethod" is-config="true" duration-ms="1" started-at="2019-04-14T09:50:52Z" finished-at="2019-04-14T09:50:52Z">
          <reporter-output>
          </reporter-output>
        </test-method> <!-- beforeMethod -->
        <test-method status="PASS" signature="afterMethod()[pri:0, instance:prec.AnnotationsPrec@17d99928]" name="afterMethod" is-config="true" duration-ms="0" started-at="2019-04-14T09:50:52Z" finished-at="2019-04-14T09:50:52Z">
          <reporter-output>
          </reporter-output>
        </test-method> <!-- afterMethod -->
        <test-method status="PASS" signature="myTest()[pri:0, instance:prec.AnnotationsPrec@17d99928]" name="myTest" duration-ms="1" started-at="2019-04-14T09:50:52Z" finished-at="2019-04-14T09:50:52Z">
          <reporter-output>
          </reporter-output>
        </test-method> <!-- myTest -->
        <test-method status="PASS" signature="afterMethod()[pri:0, instance:prec.AnnotationsPrec@17d99928]" name="afterMethod" is-config="true" duration-ms="1" started-at="2019-04-14T09:50:52Z" finished-at="2019-04-14T09:50:52Z">
          <reporter-output>
          </reporter-output>
        </test-method> <!-- afterMethod -->
        <test-method status="PASS" signature="afterTest()[pri:0, instance:prec.AnnotationsPrec@17d99928]" name="afterTest" is-config="true" duration-ms="0" started-at="2019-04-14T09:50:53Z" finished-at="2019-04-14T09:50:53Z">
          <reporter-output>
          </reporter-output>
        </test-method> <!-- afterTest -->
        <test-method status="PASS" signature="afterSuite()[pri:0, instance:prec.AnnotationsPrec@17d99928]" name="afterSuite" is-config="true" duration-ms="0" started-at="2019-04-14T09:50:53Z" finished-at="2019-04-14T09:50:53Z">
          <reporter-output>
          </reporter-output>
        </test-method> <!-- afterSuite -->
      </class> <!-- prec.AnnotationsPrec -->
    </test> <!-- Default test -->
  </suite> <!-- Default suite -->
</testng-results>
